[2019-03-26T08:16:54.834] [ERROR] cheese - Cheese is too ripe!
[2019-03-26T08:16:54.837] [FATAL] cheese - Cheese was breeding ground for listeria.
[2019-03-26T08:17:54.610] [ERROR] cheese - Cheese is too ripe!
[2019-03-26T08:17:54.613] [FATAL] cheese - Cheese was breeding ground for listeria.
[2019-03-26T08:18:03.778] [ERROR] cheese - IncomingMessage {
  _readableState:
   ReadableState {
     objectMode: false,
     highWaterMark: 16384,
     buffer: BufferList { head: null, tail: null, length: 0 },
     length: 0,
     pipes: null,
     pipesCount: 0,
     flowing: true,
     ended: true,
     endEmitted: true,
     reading: false,
     sync: false,
     needReadable: false,
     emittedReadable: false,
     readableListening: false,
     resumeScheduled: false,
     paused: false,
     emitClose: true,
     destroyed: false,
     defaultEncoding: 'utf8',
     awaitDrain: 0,
     readingMore: false,
     decoder: null,
     encoding: null },
  readable: false,
  _events: [Object: null prototype] {},
  _eventsCount: 0,
  _maxListeners: undefined,
  socket:
   Socket {
     connecting: false,
     _hadError: false,
     _handle:
      TCP {
        reading: true,
        onread: [Function: onStreamRead],
        onconnection: null,
        _consumed: true,
        [Symbol(owner)]: [Circular] },
     _parent: null,
     _host: null,
     _readableState:
      ReadableState {
        objectMode: false,
        highWaterMark: 16384,
        buffer: BufferList { head: null, tail: null, length: 0 },
        length: 0,
        pipes: null,
        pipesCount: 0,
        flowing: true,
        ended: false,
        endEmitted: false,
        reading: true,
        sync: false,
        needReadable: true,
        emittedReadable: false,
        readableListening: false,
        resumeScheduled: false,
        paused: false,
        emitClose: false,
        destroyed: false,
        defaultEncoding: 'utf8',
        awaitDrain: 0,
        readingMore: false,
        decoder: null,
        encoding: null },
     readable: true,
     _events:
      [Object: null prototype] {
        end: [Array],
        drain: [Array],
        timeout: [Function: socketOnTimeout],
        data: [Function: bound socketOnData],
        error: [Function: socketOnError],
        close: [Array],
        resume: [Function: onSocketResume],
        pause: [Function: onSocketPause] },
     _eventsCount: 8,
     _maxListeners: undefined,
     _writableState:
      WritableState {
        objectMode: false,
        highWaterMark: 16384,
        finalCalled: false,
        needDrain: false,
        ending: false,
        ended: false,
        finished: false,
        destroyed: false,
        decodeStrings: false,
        defaultEncoding: 'utf8',
        length: 0,
        writing: false,
        corked: 0,
        sync: false,
        bufferProcessing: false,
        onwrite: [Function: bound onwrite],
        writecb: null,
        writelen: 0,
        bufferedRequest: null,
        lastBufferedRequest: null,
        pendingcb: 0,
        prefinished: false,
        errorEmitted: false,
        emitClose: false,
        bufferedRequestCount: 0,
        corkedRequestsFree: [Object] },
     writable: true,
     allowHalfOpen: true,
     _sockname: null,
     _pendingData: null,
     _pendingEncoding: '',
     server:
      Server {
        _events: [Object],
        _eventsCount: 2,
        _maxListeners: undefined,
        _connections: 1,
        _handle: [TCP],
        _usingWorkers: false,
        _workers: [],
        _unref: false,
        allowHalfOpen: true,
        pauseOnConnect: false,
        httpAllowHalfOpen: false,
        timeout: 120000,
        keepAliveTimeout: 5000,
        _pendingResponseData: 0,
        maxHeadersCount: null,
        headersTimeout: 40000,
        _connectionKey: '6::::4000',
        [Symbol(IncomingMessage)]: [Function],
        [Symbol(ServerResponse)]: [Function],
        [Symbol(asyncId)]: 8 },
     _server:
      Server {
        _events: [Object],
        _eventsCount: 2,
        _maxListeners: undefined,
        _connections: 1,
        _handle: [TCP],
        _usingWorkers: false,
        _workers: [],
        _unref: false,
        allowHalfOpen: true,
        pauseOnConnect: false,
        httpAllowHalfOpen: false,
        timeout: 120000,
        keepAliveTimeout: 5000,
        _pendingResponseData: 0,
        maxHeadersCount: null,
        headersTimeout: 40000,
        _connectionKey: '6::::4000',
        [Symbol(IncomingMessage)]: [Function],
        [Symbol(ServerResponse)]: [Function],
        [Symbol(asyncId)]: 8 },
     timeout: 120000,
     parser:
      HTTPParser {
        '0': [Function: parserOnHeaders],
        '1': [Function: parserOnHeadersComplete],
        '2': [Function: parserOnBody],
        '3': [Function: parserOnMessageComplete],
        '4': [Function: bound onParserExecute],
        _headers: [],
        _url: '',
        socket: [Circular],
        incoming: [Circular],
        outgoing: null,
        maxHeaderPairs: 2000,
        _consumed: true,
        onIncoming: [Function: bound parserOnIncoming],
        parsingHeadersStart: 0,
        [Symbol(isReused)]: false },
     on: [Function: socketOnWrap],
     _paused: false,
     _httpMessage:
      ServerResponse {
        _events: [Object],
        _eventsCount: 1,
        _maxListeners: undefined,
        output: [],
        outputEncodings: [],
        outputCallbacks: [],
        outputSize: 0,
        writable: true,
        _last: false,
        chunkedEncoding: false,
        shouldKeepAlive: true,
        useChunkedEncodingByDefault: true,
        sendDate: true,
        _removedConnection: false,
        _removedContLen: false,
        _removedTE: false,
        _contentLength: null,
        _hasBody: true,
        _trailer: '',
        finished: false,
        _headerSent: false,
        socket: [Circular],
        connection: [Circular],
        _header: null,
        _onPendingData: [Function: bound updateOutgoingData],
        _sent100: false,
        _expect_continue: false,
        req: [Circular],
        locals: [Object: null prototype] {},
        [Symbol(isCorked)]: false,
        [Symbol(outHeadersKey)]: [Object] },
     [Symbol(asyncId)]: 13,
     [Symbol(lastWriteQueueSize)]: 0,
     [Symbol(timeout)]:
      Timeout {
        _called: false,
        _idleTimeout: 120000,
        _idlePrev: [TimersList],
        _idleNext: [TimersList],
        _idleStart: 9961,
        _onTimeout: [Function: bound ],
        _timerArgs: undefined,
        _repeat: null,
        _destroyed: false,
        [Symbol(unrefed)]: true,
        [Symbol(asyncId)]: 29,
        [Symbol(triggerId)]: 16 },
     [Symbol(kBytesRead)]: 0,
     [Symbol(kBytesWritten)]: 0 },
  connection:
   Socket {
     connecting: false,
     _hadError: false,
     _handle:
      TCP {
        reading: true,
        onread: [Function: onStreamRead],
        onconnection: null,
        _consumed: true,
        [Symbol(owner)]: [Circular] },
     _parent: null,
     _host: null,
     _readableState:
      ReadableState {
        objectMode: false,
        highWaterMark: 16384,
        buffer: BufferList { head: null, tail: null, length: 0 },
        length: 0,
        pipes: null,
        pipesCount: 0,
        flowing: true,
        ended: false,
        endEmitted: false,
        reading: true,
        sync: false,
        needReadable: true,
        emittedReadable: false,
        readableListening: false,
        resumeScheduled: false,
        paused: false,
        emitClose: false,
        destroyed: false,
        defaultEncoding: 'utf8',
        awaitDrain: 0,
        readingMore: false,
        decoder: null,
        encoding: null },
     readable: true,
     _events:
      [Object: null prototype] {
        end: [Array],
        drain: [Array],
        timeout: [Function: socketOnTimeout],
        data: [Function: bound socketOnData],
        error: [Function: socketOnError],
        close: [Array],
        resume: [Function: onSocketResume],
        pause: [Function: onSocketPause] },
     _eventsCount: 8,
     _maxListeners: undefined,
     _writableState:
      WritableState {
        objectMode: false,
        highWaterMark: 16384,
        finalCalled: false,
        needDrain: false,
        ending: false,
        ended: false,
        finished: false,
        destroyed: false,
        decodeStrings: false,
        defaultEncoding: 'utf8',
        length: 0,
        writing: false,
        corked: 0,
        sync: false,
        bufferProcessing: false,
        onwrite: [Function: bound onwrite],
        writecb: null,
        writelen: 0,
        bufferedRequest: null,
        lastBufferedRequest: null,
        pendingcb: 0,
        prefinished: false,
        errorEmitted: false,
        emitClose: false,
        bufferedRequestCount: 0,
        corkedRequestsFree: [Object] },
     writable: true,
     allowHalfOpen: true,
     _sockname: null,
     _pendingData: null,
     _pendingEncoding: '',
     server:
      Server {
        _events: [Object],
        _eventsCount: 2,
        _maxListeners: undefined,
        _connections: 1,
        _handle: [TCP],
        _usingWorkers: false,
        _workers: [],
        _unref: false,
        allowHalfOpen: true,
        pauseOnConnect: false,
        httpAllowHalfOpen: false,
        timeout: 120000,
        keepAliveTimeout: 5000,
        _pendingResponseData: 0,
        maxHeadersCount: null,
        headersTimeout: 40000,
        _connectionKey: '6::::4000',
        [Symbol(IncomingMessage)]: [Function],
        [Symbol(ServerResponse)]: [Function],
        [Symbol(asyncId)]: 8 },
     _server:
      Server {
        _events: [Object],
        _eventsCount: 2,
        _maxListeners: undefined,
        _connections: 1,
        _handle: [TCP],
        _usingWorkers: false,
        _workers: [],
        _unref: false,
        allowHalfOpen: true,
        pauseOnConnect: false,
        httpAllowHalfOpen: false,
        timeout: 120000,
        keepAliveTimeout: 5000,
        _pendingResponseData: 0,
        maxHeadersCount: null,
        headersTimeout: 40000,
        _connectionKey: '6::::4000',
        [Symbol(IncomingMessage)]: [Function],
        [Symbol(ServerResponse)]: [Function],
        [Symbol(asyncId)]: 8 },
     timeout: 120000,
     parser:
      HTTPParser {
        '0': [Function: parserOnHeaders],
        '1': [Function: parserOnHeadersComplete],
        '2': [Function: parserOnBody],
        '3': [Function: parserOnMessageComplete],
        '4': [Function: bound onParserExecute],
        _headers: [],
        _url: '',
        socket: [Circular],
        incoming: [Circular],
        outgoing: null,
        maxHeaderPairs: 2000,
        _consumed: true,
        onIncoming: [Function: bound parserOnIncoming],
        parsingHeadersStart: 0,
        [Symbol(isReused)]: false },
     on: [Function: socketOnWrap],
     _paused: false,
     _httpMessage:
      ServerResponse {
        _events: [Object],
        _eventsCount: 1,
        _maxListeners: undefined,
        output: [],
        outputEncodings: [],
        outputCallbacks: [],
        outputSize: 0,
        writable: true,
        _last: false,
        chunkedEncoding: false,
        shouldKeepAlive: true,
        useChunkedEncodingByDefault: true,
        sendDate: true,
        _removedConnection: false,
        _removedContLen: false,
        _removedTE: false,
        _contentLength: null,
        _hasBody: true,
        _trailer: '',
        finished: false,
        _headerSent: false,
        socket: [Circular],
        connection: [Circular],
        _header: null,
        _onPendingData: [Function: bound updateOutgoingData],
        _sent100: false,
        _expect_continue: false,
        req: [Circular],
        locals: [Object: null prototype] {},
        [Symbol(isCorked)]: false,
        [Symbol(outHeadersKey)]: [Object] },
     [Symbol(asyncId)]: 13,
     [Symbol(lastWriteQueueSize)]: 0,
     [Symbol(timeout)]:
      Timeout {
        _called: false,
        _idleTimeout: 120000,
        _idlePrev: [TimersList],
        _idleNext: [TimersList],
        _idleStart: 9961,
        _onTimeout: [Function: bound ],
        _timerArgs: undefined,
        _repeat: null,
        _destroyed: false,
        [Symbol(unrefed)]: true,
        [Symbol(asyncId)]: 29,
        [Symbol(triggerId)]: 16 },
     [Symbol(kBytesRead)]: 0,
     [Symbol(kBytesWritten)]: 0 },
  httpVersionMajor: 1,
  httpVersionMinor: 1,
  httpVersion: '1.1',
  complete: true,
  headers:
   { host: 'localhost:4000',
     connection: 'keep-alive',
     'content-length': '105',
     accept: 'application/json, text/plain, */*',
     origin: 'http://localhost:3000',
     'user-agent':
      'Mozilla/5.0 (Windows NT 6.1; Win64; x64) AppleWebKit/537.36 (KHTML, like Gecko) Chrome/72.0.3626.121 Safari/537.36',
     'content-type': 'application/json;charset=UTF-8',
     referer: 'http://localhost:3000/login',
     'accept-encoding': 'gzip, deflate, br',
     'accept-language': 'en-US,en;q=0.9,fa-IR;q=0.8,fa;q=0.7' },
  rawHeaders:
   [ 'Host',
     'localhost:4000',
     'Connection',
     'keep-alive',
     'Content-Length',
     '105',
     'Accept',
     'application/json, text/plain, */*',
     'Origin',
     'http://localhost:3000',
     'User-Agent',
     'Mozilla/5.0 (Windows NT 6.1; Win64; x64) AppleWebKit/537.36 (KHTML, like Gecko) Chrome/72.0.3626.121 Safari/537.36',
     'Content-Type',
     'application/json;charset=UTF-8',
     'Referer',
     'http://localhost:3000/login',
     'Accept-Encoding',
     'gzip, deflate, br',
     'Accept-Language',
     'en-US,en;q=0.9,fa-IR;q=0.8,fa;q=0.7' ],
  trailers: {},
  rawTrailers: [],
  aborted: false,
  upgrade: false,
  url: '/',
  method: 'POST',
  statusCode: null,
  statusMessage: null,
  client:
   Socket {
     connecting: false,
     _hadError: false,
     _handle:
      TCP {
        reading: true,
        onread: [Function: onStreamRead],
        onconnection: null,
        _consumed: true,
        [Symbol(owner)]: [Circular] },
     _parent: null,
     _host: null,
     _readableState:
      ReadableState {
        objectMode: false,
        highWaterMark: 16384,
        buffer: BufferList { head: null, tail: null, length: 0 },
        length: 0,
        pipes: null,
        pipesCount: 0,
        flowing: true,
        ended: false,
        endEmitted: false,
        reading: true,
        sync: false,
        needReadable: true,
        emittedReadable: false,
        readableListening: false,
        resumeScheduled: false,
        paused: false,
        emitClose: false,
        destroyed: false,
        defaultEncoding: 'utf8',
        awaitDrain: 0,
        readingMore: false,
        decoder: null,
        encoding: null },
     readable: true,
     _events:
      [Object: null prototype] {
        end: [Array],
        drain: [Array],
        timeout: [Function: socketOnTimeout],
        data: [Function: bound socketOnData],
        error: [Function: socketOnError],
        close: [Array],
        resume: [Function: onSocketResume],
        pause: [Function: onSocketPause] },
     _eventsCount: 8,
     _maxListeners: undefined,
     _writableState:
      WritableState {
        objectMode: false,
        highWaterMark: 16384,
        finalCalled: false,
        needDrain: false,
        ending: false,
        ended: false,
        finished: false,
        destroyed: false,
        decodeStrings: false,
        defaultEncoding: 'utf8',
        length: 0,
        writing: false,
        corked: 0,
        sync: false,
        bufferProcessing: false,
        onwrite: [Function: bound onwrite],
        writecb: null,
        writelen: 0,
        bufferedRequest: null,
        lastBufferedRequest: null,
        pendingcb: 0,
        prefinished: false,
        errorEmitted: false,
        emitClose: false,
        bufferedRequestCount: 0,
        corkedRequestsFree: [Object] },
     writable: true,
     allowHalfOpen: true,
     _sockname: null,
     _pendingData: null,
     _pendingEncoding: '',
     server:
      Server {
        _events: [Object],
        _eventsCount: 2,
        _maxListeners: undefined,
        _connections: 1,
        _handle: [TCP],
        _usingWorkers: false,
        _workers: [],
        _unref: false,
        allowHalfOpen: true,
        pauseOnConnect: false,
        httpAllowHalfOpen: false,
        timeout: 120000,
        keepAliveTimeout: 5000,
        _pendingResponseData: 0,
        maxHeadersCount: null,
        headersTimeout: 40000,
        _connectionKey: '6::::4000',
        [Symbol(IncomingMessage)]: [Function],
        [Symbol(ServerResponse)]: [Function],
        [Symbol(asyncId)]: 8 },
     _server:
      Server {
        _events: [Object],
        _eventsCount: 2,
        _maxListeners: undefined,
        _connections: 1,
        _handle: [TCP],
        _usingWorkers: false,
        _workers: [],
        _unref: false,
        allowHalfOpen: true,
        pauseOnConnect: false,
        httpAllowHalfOpen: false,
        timeout: 120000,
        keepAliveTimeout: 5000,
        _pendingResponseData: 0,
        maxHeadersCount: null,
        headersTimeout: 40000,
        _connectionKey: '6::::4000',
        [Symbol(IncomingMessage)]: [Function],
        [Symbol(ServerResponse)]: [Function],
        [Symbol(asyncId)]: 8 },
     timeout: 120000,
     parser:
      HTTPParser {
        '0': [Function: parserOnHeaders],
        '1': [Function: parserOnHeadersComplete],
        '2': [Function: parserOnBody],
        '3': [Function: parserOnMessageComplete],
        '4': [Function: bound onParserExecute],
        _headers: [],
        _url: '',
        socket: [Circular],
        incoming: [Circular],
        outgoing: null,
        maxHeaderPairs: 2000,
        _consumed: true,
        onIncoming: [Function: bound parserOnIncoming],
        parsingHeadersStart: 0,
        [Symbol(isReused)]: false },
     on: [Function: socketOnWrap],
     _paused: false,
     _httpMessage:
      ServerResponse {
        _events: [Object],
        _eventsCount: 1,
        _maxListeners: undefined,
        output: [],
        outputEncodings: [],
        outputCallbacks: [],
        outputSize: 0,
        writable: true,
        _last: false,
        chunkedEncoding: false,
        shouldKeepAlive: true,
        useChunkedEncodingByDefault: true,
        sendDate: true,
        _removedConnection: false,
        _removedContLen: false,
        _removedTE: false,
        _contentLength: null,
        _hasBody: true,
        _trailer: '',
        finished: false,
        _headerSent: false,
        socket: [Circular],
        connection: [Circular],
        _header: null,
        _onPendingData: [Function: bound updateOutgoingData],
        _sent100: false,
        _expect_continue: false,
        req: [Circular],
        locals: [Object: null prototype] {},
        [Symbol(isCorked)]: false,
        [Symbol(outHeadersKey)]: [Object] },
     [Symbol(asyncId)]: 13,
     [Symbol(lastWriteQueueSize)]: 0,
     [Symbol(timeout)]:
      Timeout {
        _called: false,
        _idleTimeout: 120000,
        _idlePrev: [TimersList],
        _idleNext: [TimersList],
        _idleStart: 9961,
        _onTimeout: [Function: bound ],
        _timerArgs: undefined,
        _repeat: null,
        _destroyed: false,
        [Symbol(unrefed)]: true,
        [Symbol(asyncId)]: 29,
        [Symbol(triggerId)]: 16 },
     [Symbol(kBytesRead)]: 0,
     [Symbol(kBytesWritten)]: 0 },
  _consuming: true,
  _dumped: false,
  next: [Function: next],
  baseUrl: '/login',
  originalUrl: '/login',
  _parsedUrl:
   Url {
     protocol: null,
     slashes: null,
     auth: null,
     host: null,
     port: null,
     hostname: null,
     hash: null,
     search: null,
     query: null,
     pathname: '/',
     path: '/',
     href: '/',
     _raw: '/' },
  params: {},
  query: {},
  res:
   ServerResponse {
     _events:
      [Object: null prototype] { finish: [Function: bound resOnFinish] },
     _eventsCount: 1,
     _maxListeners: undefined,
     output: [],
     outputEncodings: [],
     outputCallbacks: [],
     outputSize: 0,
     writable: true,
     _last: false,
     chunkedEncoding: false,
     shouldKeepAlive: true,
     useChunkedEncodingByDefault: true,
     sendDate: true,
     _removedConnection: false,
     _removedContLen: false,
     _removedTE: false,
     _contentLength: null,
     _hasBody: true,
     _trailer: '',
     finished: false,
     _headerSent: false,
     socket:
      Socket {
        connecting: false,
        _hadError: false,
        _handle: [TCP],
        _parent: null,
        _host: null,
        _readableState: [ReadableState],
        readable: true,
        _events: [Object],
        _eventsCount: 8,
        _maxListeners: undefined,
        _writableState: [WritableState],
        writable: true,
        allowHalfOpen: true,
        _sockname: null,
        _pendingData: null,
        _pendingEncoding: '',
        server: [Server],
        _server: [Server],
        timeout: 120000,
        parser: [HTTPParser],
        on: [Function: socketOnWrap],
        _paused: false,
        _httpMessage: [Circular],
        [Symbol(asyncId)]: 13,
        [Symbol(lastWriteQueueSize)]: 0,
        [Symbol(timeout)]:
         Timeout {
           _called: false,
           _idleTimeout: 120000,
           _idlePrev: [TimersList],
           _idleNext: [TimersList],
           _idleStart: 9961,
           _onTimeout: [Function: bound ],
           _timerArgs: undefined,
           _repeat: null,
           _destroyed: false,
           [Symbol(unrefed)]: true,
           [Symbol(asyncId)]: 29,
           [Symbol(triggerId)]: 16 },
        [Symbol(kBytesRead)]: 0,
        [Symbol(kBytesWritten)]: 0 },
     connection:
      Socket {
        connecting: false,
        _hadError: false,
        _handle: [TCP],
        _parent: null,
        _host: null,
        _readableState: [ReadableState],
        readable: true,
        _events: [Object],
        _eventsCount: 8,
        _maxListeners: undefined,
        _writableState: [WritableState],
        writable: true,
        allowHalfOpen: true,
        _sockname: null,
        _pendingData: null,
        _pendingEncoding: '',
        server: [Server],
        _server: [Server],
        timeout: 120000,
        parser: [HTTPParser],
        on: [Function: socketOnWrap],
        _paused: false,
        _httpMessage: [Circular],
        [Symbol(asyncId)]: 13,
        [Symbol(lastWriteQueueSize)]: 0,
        [Symbol(timeout)]:
         Timeout {
           _called: false,
           _idleTimeout: 120000,
           _idlePrev: [TimersList],
           _idleNext: [TimersList],
           _idleStart: 9961,
           _onTimeout: [Function: bound ],
           _timerArgs: undefined,
           _repeat: null,
           _destroyed: false,
           [Symbol(unrefed)]: true,
           [Symbol(asyncId)]: 29,
           [Symbol(triggerId)]: 16 },
        [Symbol(kBytesRead)]: 0,
        [Symbol(kBytesWritten)]: 0 },
     _header: null,
     _onPendingData: [Function: bound updateOutgoingData],
     _sent100: false,
     _expect_continue: false,
     req: [Circular],
     locals: [Object: null prototype] {},
     [Symbol(isCorked)]: false,
     [Symbol(outHeadersKey)]:
      [Object: null prototype] {
        'access-control-allow-origin': [Array],
        'x-dns-prefetch-control': [Array],
        'x-frame-options': [Array],
        'strict-transport-security': [Array],
        'x-download-options': [Array],
        'x-content-type-options': [Array],
        'x-xss-protection': [Array] } },
  route:
   Route {
     path: '/',
     stack: [ [Layer], [Layer] ],
     methods: { post: true } },
  body:
   { code: '+98',
     mobile: 'admin',
     password: '7MPGyEs2bPHxQDq',
     version: '1.0.9',
     locale: 'fa',
     token: null },
  _body: true,
  length: undefined }
